2024-09-22 21:46:20,068:INFO:PyCaret Supervised Module
2024-09-22 21:46:20,069:INFO:ML Usecase: classification
2024-09-22 21:46:20,069:INFO:version 2.3.10
2024-09-22 21:46:20,069:INFO:Initializing setup()
2024-09-22 21:46:20,069:INFO:setup(display=None, profile_kwargs=None, profile=False, verbose=True, silent=True, log_data=False, log_profile=False, log_plots=False, experiment_custom_tags=None, experiment_name=None, log_experiment=False, session_id=100, html=True, custom_pipeline=None, use_gpu=False, n_jobs=-1, fold_groups=None, fold_shuffle=False, fold=10, fold_strategy=stratifiedkfold, data_split_stratify=True, data_split_shuffle=True, transform_target_method=box-cox, transform_target=False, fix_imbalance_method=None, fix_imbalance=False, interaction_threshold=0.01, feature_ratio=False, feature_interaction=False, feature_selection_method=classic, feature_selection_threshold=0.8, feature_selection=False, group_names=None, group_features=None, polynomial_threshold=0.1, trigonometry_features=False, polynomial_degree=2, polynomial_features=False, cluster_iter=20, create_clusters=False, remove_perfect_collinearity=True, multicollinearity_threshold=0.9, remove_multicollinearity=False, outliers_threshold=0.05, remove_outliers=True, bin_numeric_features=None, rare_level_threshold=0.1, combine_rare_levels=False, ignore_low_variance=False, pca_components=None, pca_method=linear, pca=False, unknown_categorical_method=least_frequent, handle_unknown_categorical=True, transformation_method=yeo-johnson, transformation=False, normalize_method=zscore, normalize=False, ignore_features=None, date_features=None, numeric_iterative_imputer=lightgbm, numeric_imputation=mean, numeric_features=None, high_cardinality_method=frequency, high_cardinality_features=None, ordinal_features=None, categorical_iterative_imputer=lightgbm, categorical_imputation=constant, categorical_features=None, iterative_imputation_iters=5, imputation_type=simple, preprocess=True, test_data=None, train_size=0.7, available_plots={'parameter': 'Hyperparameters', 'auc': 'AUC', 'confusion_matrix': 'Confusion Matrix', 'threshold': 'Threshold', 'pr': 'Precision Recall', 'error': 'Prediction Error', 'class_report': 'Class Report', 'rfe': 'Feature Selection', 'learning': 'Learning Curve', 'manifold': 'Manifold Learning', 'calibration': 'Calibration Curve', 'vc': 'Validation Curve', 'dimension': 'Dimensions', 'feature': 'Feature Importance', 'feature_all': 'Feature Importance (All)', 'boundary': 'Decision Boundary', 'lift': 'Lift Chart', 'gain': 'Gain Chart', 'tree': 'Decision Tree', 'ks': 'KS Statistic Plot'}, ml_usecase=classification, target=Primary energy consumption per capita (kWh/person))
2024-09-22 21:46:20,069:INFO:Checking environment
2024-09-22 21:46:20,069:INFO:python_version: 3.6.13
2024-09-22 21:46:20,069:INFO:python_build: ('default', 'Feb 23 2021 12:58:59')
2024-09-22 21:46:20,069:INFO:machine: x86_64
2024-09-22 21:46:20,110:INFO:platform: Darwin-23.0.0-x86_64-i386-64bit
2024-09-22 21:46:20,110:WARNING:cannot find psutil installation. memory not traceable. Install psutil using pip to enable memory logging.
2024-09-22 21:46:20,111:INFO:Checking libraries
2024-09-22 21:46:20,111:INFO:pd==1.1.5
2024-09-22 21:46:20,111:INFO:numpy==1.19.2
2024-09-22 21:46:20,111:INFO:sklearn==0.23.2
2024-09-22 21:46:20,111:INFO:lightgbm==3.2.1
2024-09-22 21:46:20,111:WARNING:catboost not found
2024-09-22 21:46:20,261:INFO:xgboost==1.3.3
2024-09-22 21:46:20,261:INFO:mlflow==1.23.1
2024-09-22 21:46:20,261:INFO:Checking Exceptions
2024-09-22 21:46:20,261:INFO:Declaring global variables
2024-09-22 21:46:20,261:INFO:USI: 7964
2024-09-22 21:46:20,261:INFO:pycaret_globals: {'html_param', 'fold_shuffle_param', 'create_model_container', 'fix_imbalance_method_param', '_gpu_n_jobs_param', '_all_metrics', 'fold_generator', 'pycaret_globals', 'data_before_preprocess', 'USI', 'X_test', 'master_model_container', '_ml_usecase', 'X_train', 'transform_target_param', 'seed', 'fix_imbalance_param', 'experiment__', 'fold_groups_param', 'stratify_param', 'target_param', 'display_container', 'imputation_regressor', 'y_train', '_all_models_internal', 'imputation_classifier', '_available_plots', 'y', 'gpu_param', 'transform_target_method_param', 'log_plots_param', 'fold_groups_param_full', 'prep_pipe', 'logging_param', 'exp_name_log', 'dashboard_logger', 'n_jobs_param', 'fold_param', 'iterative_imputation_iters_param', '_internal_pipeline', 'X', '_all_models', 'y_test'}
2024-09-22 21:46:20,261:INFO:Preparing display monitor
2024-09-22 21:46:20,262:INFO:Preparing display monitor
2024-09-22 21:46:20,283:INFO:Importing libraries
2024-09-22 21:46:20,284:INFO:Copying data for preprocessing
2024-09-22 21:46:20,289:INFO:Declaring preprocessing parameters
2024-09-22 21:46:20,291:INFO:Creating preprocessing pipeline
2024-09-22 21:46:20,304:INFO:Preprocessing pipeline created successfully
2024-09-22 21:46:20,304:ERROR:(Process Exit): setup has been interupted with user command 'quit'. setup must rerun.
2024-09-22 21:46:20,304:INFO:Creating global containers
2024-09-22 21:46:20,306:INFO:Internal pipeline: Pipeline(memory=None, steps=[('empty_step', 'passthrough')], verbose=False)
2024-09-22 21:46:40,484:INFO:PyCaret Supervised Module
2024-09-22 21:46:40,484:INFO:ML Usecase: classification
2024-09-22 21:46:40,484:INFO:version 2.3.10
2024-09-22 21:46:40,484:INFO:Initializing setup()
2024-09-22 21:46:40,484:INFO:setup(display=None, profile_kwargs=None, profile=False, verbose=True, silent=True, log_data=False, log_profile=False, log_plots=False, experiment_custom_tags=None, experiment_name=None, log_experiment=False, session_id=100, html=True, custom_pipeline=None, use_gpu=False, n_jobs=-1, fold_groups=None, fold_shuffle=False, fold=10, fold_strategy=stratifiedkfold, data_split_stratify=True, data_split_shuffle=True, transform_target_method=box-cox, transform_target=False, fix_imbalance_method=None, fix_imbalance=False, interaction_threshold=0.01, feature_ratio=False, feature_interaction=False, feature_selection_method=classic, feature_selection_threshold=0.8, feature_selection=False, group_names=None, group_features=None, polynomial_threshold=0.1, trigonometry_features=False, polynomial_degree=2, polynomial_features=False, cluster_iter=20, create_clusters=False, remove_perfect_collinearity=True, multicollinearity_threshold=0.9, remove_multicollinearity=False, outliers_threshold=0.05, remove_outliers=True, bin_numeric_features=None, rare_level_threshold=0.1, combine_rare_levels=False, ignore_low_variance=False, pca_components=None, pca_method=linear, pca=False, unknown_categorical_method=least_frequent, handle_unknown_categorical=True, transformation_method=yeo-johnson, transformation=False, normalize_method=zscore, normalize=False, ignore_features=None, date_features=None, numeric_iterative_imputer=lightgbm, numeric_imputation=mean, numeric_features=None, high_cardinality_method=frequency, high_cardinality_features=None, ordinal_features=None, categorical_iterative_imputer=lightgbm, categorical_imputation=constant, categorical_features=None, iterative_imputation_iters=5, imputation_type=simple, preprocess=True, test_data=None, train_size=0.7, available_plots={'parameter': 'Hyperparameters', 'auc': 'AUC', 'confusion_matrix': 'Confusion Matrix', 'threshold': 'Threshold', 'pr': 'Precision Recall', 'error': 'Prediction Error', 'class_report': 'Class Report', 'rfe': 'Feature Selection', 'learning': 'Learning Curve', 'manifold': 'Manifold Learning', 'calibration': 'Calibration Curve', 'vc': 'Validation Curve', 'dimension': 'Dimensions', 'feature': 'Feature Importance', 'feature_all': 'Feature Importance (All)', 'boundary': 'Decision Boundary', 'lift': 'Lift Chart', 'gain': 'Gain Chart', 'tree': 'Decision Tree', 'ks': 'KS Statistic Plot'}, ml_usecase=classification, target=Primary energy consumption per capita (kWh/person))
2024-09-22 21:46:40,485:INFO:Checking environment
2024-09-22 21:46:40,485:INFO:python_version: 3.6.13
2024-09-22 21:46:40,485:INFO:python_build: ('default', 'Feb 23 2021 12:58:59')
2024-09-22 21:46:40,485:INFO:machine: x86_64
2024-09-22 21:46:40,485:INFO:platform: Darwin-23.0.0-x86_64-i386-64bit
2024-09-22 21:46:40,485:WARNING:cannot find psutil installation. memory not traceable. Install psutil using pip to enable memory logging.
2024-09-22 21:46:40,485:INFO:Checking libraries
2024-09-22 21:46:40,485:INFO:pd==1.1.5
2024-09-22 21:46:40,485:INFO:numpy==1.19.2
2024-09-22 21:46:40,485:INFO:sklearn==0.23.2
2024-09-22 21:46:40,485:INFO:lightgbm==3.2.1
2024-09-22 21:46:40,485:WARNING:catboost not found
2024-09-22 21:46:40,485:INFO:xgboost==1.3.3
2024-09-22 21:46:40,485:INFO:mlflow==1.23.1
2024-09-22 21:46:40,485:INFO:Checking Exceptions
2024-09-22 21:46:40,486:INFO:Declaring global variables
2024-09-22 21:46:40,486:INFO:USI: 6473
2024-09-22 21:46:40,486:INFO:pycaret_globals: {'html_param', 'fold_shuffle_param', 'create_model_container', 'fix_imbalance_method_param', '_gpu_n_jobs_param', '_all_metrics', 'fold_generator', 'pycaret_globals', 'data_before_preprocess', 'USI', 'X_test', 'master_model_container', '_ml_usecase', 'X_train', 'transform_target_param', 'seed', 'fix_imbalance_param', 'experiment__', 'fold_groups_param', 'stratify_param', 'target_param', 'display_container', 'imputation_regressor', 'y_train', '_all_models_internal', 'imputation_classifier', '_available_plots', 'y', 'gpu_param', 'transform_target_method_param', 'log_plots_param', 'fold_groups_param_full', 'prep_pipe', 'logging_param', 'exp_name_log', 'dashboard_logger', 'n_jobs_param', 'fold_param', 'iterative_imputation_iters_param', '_internal_pipeline', 'X', '_all_models', 'y_test'}
2024-09-22 21:46:40,486:INFO:Preparing display monitor
2024-09-22 21:46:40,486:INFO:Preparing display monitor
2024-09-22 21:46:40,499:INFO:Importing libraries
2024-09-22 21:46:40,500:INFO:Copying data for preprocessing
2024-09-22 21:46:40,507:INFO:Declaring preprocessing parameters
2024-09-22 21:46:40,509:INFO:Creating preprocessing pipeline
2024-09-22 21:46:40,523:INFO:Preprocessing pipeline created successfully
2024-09-22 21:46:40,523:ERROR:(Process Exit): setup has been interupted with user command 'quit'. setup must rerun.
2024-09-22 21:46:40,523:INFO:Creating global containers
2024-09-22 21:46:40,524:INFO:Internal pipeline: Pipeline(memory=None, steps=[('empty_step', 'passthrough')], verbose=False)
2024-09-22 21:48:28,128:INFO:PyCaret Supervised Module
2024-09-22 21:48:28,128:INFO:ML Usecase: classification
2024-09-22 21:48:28,128:INFO:version 2.3.10
2024-09-22 21:48:28,128:INFO:Initializing setup()
2024-09-22 21:48:28,128:INFO:setup(display=None, profile_kwargs=None, profile=False, verbose=True, silent=True, log_data=False, log_profile=False, log_plots=False, experiment_custom_tags=None, experiment_name=None, log_experiment=False, session_id=100, html=True, custom_pipeline=None, use_gpu=False, n_jobs=-1, fold_groups=None, fold_shuffle=False, fold=10, fold_strategy=stratifiedkfold, data_split_stratify=True, data_split_shuffle=True, transform_target_method=box-cox, transform_target=False, fix_imbalance_method=None, fix_imbalance=False, interaction_threshold=0.01, feature_ratio=False, feature_interaction=False, feature_selection_method=classic, feature_selection_threshold=0.8, feature_selection=False, group_names=None, group_features=None, polynomial_threshold=0.1, trigonometry_features=False, polynomial_degree=2, polynomial_features=False, cluster_iter=20, create_clusters=False, remove_perfect_collinearity=True, multicollinearity_threshold=0.9, remove_multicollinearity=False, outliers_threshold=0.05, remove_outliers=True, bin_numeric_features=None, rare_level_threshold=0.1, combine_rare_levels=False, ignore_low_variance=False, pca_components=None, pca_method=linear, pca=False, unknown_categorical_method=least_frequent, handle_unknown_categorical=True, transformation_method=yeo-johnson, transformation=False, normalize_method=zscore, normalize=False, ignore_features=None, date_features=None, numeric_iterative_imputer=lightgbm, numeric_imputation=mean, numeric_features=None, high_cardinality_method=frequency, high_cardinality_features=None, ordinal_features=None, categorical_iterative_imputer=lightgbm, categorical_imputation=constant, categorical_features=None, iterative_imputation_iters=5, imputation_type=simple, preprocess=True, test_data=None, train_size=0.7, available_plots={'parameter': 'Hyperparameters', 'auc': 'AUC', 'confusion_matrix': 'Confusion Matrix', 'threshold': 'Threshold', 'pr': 'Precision Recall', 'error': 'Prediction Error', 'class_report': 'Class Report', 'rfe': 'Feature Selection', 'learning': 'Learning Curve', 'manifold': 'Manifold Learning', 'calibration': 'Calibration Curve', 'vc': 'Validation Curve', 'dimension': 'Dimensions', 'feature': 'Feature Importance', 'feature_all': 'Feature Importance (All)', 'boundary': 'Decision Boundary', 'lift': 'Lift Chart', 'gain': 'Gain Chart', 'tree': 'Decision Tree', 'ks': 'KS Statistic Plot'}, ml_usecase=classification, target=Primary energy consumption per capita (kWh/person))
2024-09-22 21:48:28,128:INFO:Checking environment
2024-09-22 21:48:28,129:INFO:python_version: 3.6.13
2024-09-22 21:48:28,130:INFO:python_build: ('default', 'Feb 23 2021 12:58:59')
2024-09-22 21:48:28,130:INFO:machine: x86_64
2024-09-22 21:48:28,130:INFO:platform: Darwin-23.0.0-x86_64-i386-64bit
2024-09-22 21:48:28,131:WARNING:cannot find psutil installation. memory not traceable. Install psutil using pip to enable memory logging.
2024-09-22 21:48:28,131:INFO:Checking libraries
2024-09-22 21:48:28,131:INFO:pd==1.1.5
2024-09-22 21:48:28,131:INFO:numpy==1.19.2
2024-09-22 21:48:28,131:INFO:sklearn==0.23.2
2024-09-22 21:48:28,131:INFO:lightgbm==3.2.1
2024-09-22 21:48:28,132:WARNING:catboost not found
2024-09-22 21:48:28,132:INFO:xgboost==1.3.3
2024-09-22 21:48:28,132:INFO:mlflow==1.23.1
2024-09-22 21:48:28,134:INFO:Checking Exceptions
2024-09-22 21:48:28,137:INFO:Declaring global variables
2024-09-22 21:48:28,137:INFO:USI: 9298
2024-09-22 21:48:28,137:INFO:pycaret_globals: {'html_param', 'fold_shuffle_param', 'create_model_container', 'fix_imbalance_method_param', '_gpu_n_jobs_param', '_all_metrics', 'fold_generator', 'pycaret_globals', 'data_before_preprocess', 'USI', 'X_test', 'master_model_container', '_ml_usecase', 'X_train', 'transform_target_param', 'seed', 'fix_imbalance_param', 'experiment__', 'fold_groups_param', 'stratify_param', 'target_param', 'display_container', 'imputation_regressor', 'y_train', '_all_models_internal', 'imputation_classifier', '_available_plots', 'y', 'gpu_param', 'transform_target_method_param', 'log_plots_param', 'fold_groups_param_full', 'prep_pipe', 'logging_param', 'exp_name_log', 'dashboard_logger', 'n_jobs_param', 'fold_param', 'iterative_imputation_iters_param', '_internal_pipeline', 'X', '_all_models', 'y_test'}
2024-09-22 21:48:28,137:INFO:Preparing display monitor
2024-09-22 21:48:28,137:INFO:Preparing display monitor
2024-09-22 21:48:28,168:INFO:Importing libraries
2024-09-22 21:48:28,168:INFO:Copying data for preprocessing
2024-09-22 21:48:28,216:INFO:Declaring preprocessing parameters
2024-09-22 21:48:28,218:INFO:Creating preprocessing pipeline
2024-09-22 21:48:28,232:INFO:Preprocessing pipeline created successfully
2024-09-22 21:48:28,232:ERROR:(Process Exit): setup has been interupted with user command 'quit'. setup must rerun.
2024-09-22 21:48:28,232:INFO:Creating global containers
2024-09-22 21:48:28,232:INFO:Internal pipeline: Pipeline(memory=None, steps=[('empty_step', 'passthrough')], verbose=False)
2024-09-22 21:50:03,219:INFO:PyCaret Supervised Module
2024-09-22 21:50:03,220:INFO:ML Usecase: classification
2024-09-22 21:50:03,220:INFO:version 2.3.10
2024-09-22 21:50:03,220:INFO:Initializing setup()
2024-09-22 21:50:03,220:INFO:setup(display=None, profile_kwargs=None, profile=False, verbose=True, silent=True, log_data=False, log_profile=False, log_plots=False, experiment_custom_tags=None, experiment_name=None, log_experiment=False, session_id=100, html=True, custom_pipeline=None, use_gpu=False, n_jobs=-1, fold_groups=None, fold_shuffle=False, fold=10, fold_strategy=stratifiedkfold, data_split_stratify=True, data_split_shuffle=True, transform_target_method=box-cox, transform_target=False, fix_imbalance_method=None, fix_imbalance=False, interaction_threshold=0.01, feature_ratio=False, feature_interaction=False, feature_selection_method=classic, feature_selection_threshold=0.8, feature_selection=False, group_names=None, group_features=None, polynomial_threshold=0.1, trigonometry_features=False, polynomial_degree=2, polynomial_features=False, cluster_iter=20, create_clusters=False, remove_perfect_collinearity=True, multicollinearity_threshold=0.9, remove_multicollinearity=False, outliers_threshold=0.05, remove_outliers=True, bin_numeric_features=None, rare_level_threshold=0.1, combine_rare_levels=False, ignore_low_variance=False, pca_components=None, pca_method=linear, pca=False, unknown_categorical_method=least_frequent, handle_unknown_categorical=True, transformation_method=yeo-johnson, transformation=False, normalize_method=zscore, normalize=False, ignore_features=None, date_features=None, numeric_iterative_imputer=lightgbm, numeric_imputation=mean, numeric_features=None, high_cardinality_method=frequency, high_cardinality_features=None, ordinal_features=None, categorical_iterative_imputer=lightgbm, categorical_imputation=constant, categorical_features=None, iterative_imputation_iters=5, imputation_type=simple, preprocess=True, test_data=None, train_size=0.7, available_plots={'parameter': 'Hyperparameters', 'auc': 'AUC', 'confusion_matrix': 'Confusion Matrix', 'threshold': 'Threshold', 'pr': 'Precision Recall', 'error': 'Prediction Error', 'class_report': 'Class Report', 'rfe': 'Feature Selection', 'learning': 'Learning Curve', 'manifold': 'Manifold Learning', 'calibration': 'Calibration Curve', 'vc': 'Validation Curve', 'dimension': 'Dimensions', 'feature': 'Feature Importance', 'feature_all': 'Feature Importance (All)', 'boundary': 'Decision Boundary', 'lift': 'Lift Chart', 'gain': 'Gain Chart', 'tree': 'Decision Tree', 'ks': 'KS Statistic Plot'}, ml_usecase=classification, target=Primary energy consumption per capita (kWh/person))
2024-09-22 21:50:03,220:INFO:Checking environment
2024-09-22 21:50:03,220:INFO:python_version: 3.6.13
2024-09-22 21:50:03,220:INFO:python_build: ('default', 'Feb 23 2021 12:58:59')
2024-09-22 21:50:03,220:INFO:machine: x86_64
2024-09-22 21:50:03,220:INFO:platform: Darwin-23.0.0-x86_64-i386-64bit
2024-09-22 21:50:03,220:WARNING:cannot find psutil installation. memory not traceable. Install psutil using pip to enable memory logging.
2024-09-22 21:50:03,220:INFO:Checking libraries
2024-09-22 21:50:03,220:INFO:pd==1.1.5
2024-09-22 21:50:03,220:INFO:numpy==1.19.2
2024-09-22 21:50:03,220:INFO:sklearn==0.23.2
2024-09-22 21:50:03,221:INFO:lightgbm==3.2.1
2024-09-22 21:50:03,221:WARNING:catboost not found
2024-09-22 21:50:03,221:INFO:xgboost==1.3.3
2024-09-22 21:50:03,221:INFO:mlflow==1.23.1
2024-09-22 21:50:03,221:INFO:Checking Exceptions
2024-09-22 21:50:03,222:INFO:Declaring global variables
2024-09-22 21:50:03,222:INFO:USI: f955
2024-09-22 21:50:03,222:INFO:pycaret_globals: {'html_param', 'fold_shuffle_param', 'create_model_container', 'fix_imbalance_method_param', '_gpu_n_jobs_param', '_all_metrics', 'fold_generator', 'pycaret_globals', 'data_before_preprocess', 'USI', 'X_test', 'master_model_container', '_ml_usecase', 'X_train', 'transform_target_param', 'seed', 'fix_imbalance_param', 'experiment__', 'fold_groups_param', 'stratify_param', 'target_param', 'display_container', 'imputation_regressor', 'y_train', '_all_models_internal', 'imputation_classifier', '_available_plots', 'y', 'gpu_param', 'transform_target_method_param', 'log_plots_param', 'fold_groups_param_full', 'prep_pipe', 'logging_param', 'exp_name_log', 'dashboard_logger', 'n_jobs_param', 'fold_param', 'iterative_imputation_iters_param', '_internal_pipeline', 'X', '_all_models', 'y_test'}
2024-09-22 21:50:03,222:INFO:Preparing display monitor
2024-09-22 21:50:03,222:INFO:Preparing display monitor
2024-09-22 21:50:03,234:INFO:Importing libraries
2024-09-22 21:50:03,234:INFO:Copying data for preprocessing
2024-09-22 21:50:03,241:INFO:Declaring preprocessing parameters
2024-09-22 21:50:03,242:INFO:Creating preprocessing pipeline
2024-09-22 21:50:03,254:INFO:Preprocessing pipeline created successfully
2024-09-22 21:50:03,254:ERROR:(Process Exit): setup has been interupted with user command 'quit'. setup must rerun.
2024-09-22 21:50:03,254:INFO:Creating global containers
2024-09-22 21:50:03,255:INFO:Internal pipeline: Pipeline(memory=None, steps=[('empty_step', 'passthrough')], verbose=False)
2024-09-22 21:58:22,323:INFO:PyCaret Supervised Module
2024-09-22 21:58:22,323:INFO:ML Usecase: classification
2024-09-22 21:58:22,323:INFO:version 2.3.10
2024-09-22 21:58:22,323:INFO:Initializing setup()
2024-09-22 21:58:22,323:INFO:setup(display=None, profile_kwargs=None, profile=False, verbose=True, silent=True, log_data=False, log_profile=False, log_plots=False, experiment_custom_tags=None, experiment_name=None, log_experiment=False, session_id=100, html=True, custom_pipeline=None, use_gpu=False, n_jobs=-1, fold_groups=None, fold_shuffle=False, fold=10, fold_strategy=stratifiedkfold, data_split_stratify=True, data_split_shuffle=True, transform_target_method=box-cox, transform_target=False, fix_imbalance_method=None, fix_imbalance=False, interaction_threshold=0.01, feature_ratio=False, feature_interaction=False, feature_selection_method=classic, feature_selection_threshold=0.8, feature_selection=False, group_names=None, group_features=None, polynomial_threshold=0.1, trigonometry_features=False, polynomial_degree=2, polynomial_features=False, cluster_iter=20, create_clusters=False, remove_perfect_collinearity=True, multicollinearity_threshold=0.9, remove_multicollinearity=False, outliers_threshold=0.05, remove_outliers=True, bin_numeric_features=None, rare_level_threshold=0.1, combine_rare_levels=False, ignore_low_variance=False, pca_components=None, pca_method=linear, pca=False, unknown_categorical_method=least_frequent, handle_unknown_categorical=True, transformation_method=yeo-johnson, transformation=False, normalize_method=zscore, normalize=False, ignore_features=None, date_features=None, numeric_iterative_imputer=lightgbm, numeric_imputation=mean, numeric_features=None, high_cardinality_method=frequency, high_cardinality_features=None, ordinal_features=None, categorical_iterative_imputer=lightgbm, categorical_imputation=constant, categorical_features=None, iterative_imputation_iters=5, imputation_type=simple, preprocess=True, test_data=None, train_size=0.7, available_plots={'parameter': 'Hyperparameters', 'auc': 'AUC', 'confusion_matrix': 'Confusion Matrix', 'threshold': 'Threshold', 'pr': 'Precision Recall', 'error': 'Prediction Error', 'class_report': 'Class Report', 'rfe': 'Feature Selection', 'learning': 'Learning Curve', 'manifold': 'Manifold Learning', 'calibration': 'Calibration Curve', 'vc': 'Validation Curve', 'dimension': 'Dimensions', 'feature': 'Feature Importance', 'feature_all': 'Feature Importance (All)', 'boundary': 'Decision Boundary', 'lift': 'Lift Chart', 'gain': 'Gain Chart', 'tree': 'Decision Tree', 'ks': 'KS Statistic Plot'}, ml_usecase=classification, target=Primary energy consumption per capita (kWh/person))
2024-09-22 21:58:22,324:INFO:Checking environment
2024-09-22 21:58:22,324:INFO:python_version: 3.6.13
2024-09-22 21:58:22,324:INFO:python_build: ('default', 'Feb 23 2021 12:58:59')
2024-09-22 21:58:22,324:INFO:machine: x86_64
2024-09-22 21:58:22,324:INFO:platform: Darwin-23.0.0-x86_64-i386-64bit
2024-09-22 21:58:22,324:WARNING:cannot find psutil installation. memory not traceable. Install psutil using pip to enable memory logging.
2024-09-22 21:58:22,324:INFO:Checking libraries
2024-09-22 21:58:22,324:INFO:pd==1.1.5
2024-09-22 21:58:22,324:INFO:numpy==1.19.2
2024-09-22 21:58:22,324:INFO:sklearn==0.23.2
2024-09-22 21:58:22,324:INFO:lightgbm==3.2.1
2024-09-22 21:58:22,324:WARNING:catboost not found
2024-09-22 21:58:22,324:INFO:xgboost==1.3.3
2024-09-22 21:58:22,324:INFO:mlflow==1.23.1
2024-09-22 21:58:22,324:INFO:Checking Exceptions
2024-09-22 21:58:22,324:INFO:Declaring global variables
2024-09-22 21:58:22,325:INFO:USI: c208
2024-09-22 21:58:22,325:INFO:pycaret_globals: {'html_param', 'fold_shuffle_param', 'create_model_container', 'fix_imbalance_method_param', '_gpu_n_jobs_param', '_all_metrics', 'fold_generator', 'pycaret_globals', 'data_before_preprocess', 'USI', 'X_test', 'master_model_container', '_ml_usecase', 'X_train', 'transform_target_param', 'seed', 'fix_imbalance_param', 'experiment__', 'fold_groups_param', 'stratify_param', 'target_param', 'display_container', 'imputation_regressor', 'y_train', '_all_models_internal', 'imputation_classifier', '_available_plots', 'y', 'gpu_param', 'transform_target_method_param', 'log_plots_param', 'fold_groups_param_full', 'prep_pipe', 'logging_param', 'exp_name_log', 'dashboard_logger', 'n_jobs_param', 'fold_param', 'iterative_imputation_iters_param', '_internal_pipeline', 'X', '_all_models', 'y_test'}
2024-09-22 21:58:22,325:INFO:Preparing display monitor
2024-09-22 21:58:22,325:INFO:Preparing display monitor
2024-09-22 21:58:22,337:INFO:Importing libraries
2024-09-22 21:58:22,337:INFO:Copying data for preprocessing
2024-09-22 21:58:22,342:INFO:Declaring preprocessing parameters
2024-09-22 21:58:22,345:INFO:Creating preprocessing pipeline
2024-09-22 21:58:55,132:INFO:PyCaret Supervised Module
2024-09-22 21:58:55,133:INFO:ML Usecase: classification
2024-09-22 21:58:55,133:INFO:version 2.3.10
2024-09-22 21:58:55,133:INFO:Initializing setup()
2024-09-22 21:58:55,133:INFO:setup(display=None, profile_kwargs=None, profile=False, verbose=True, silent=True, log_data=False, log_profile=False, log_plots=False, experiment_custom_tags=None, experiment_name=None, log_experiment=False, session_id=100, html=True, custom_pipeline=None, use_gpu=False, n_jobs=-1, fold_groups=None, fold_shuffle=False, fold=10, fold_strategy=stratifiedkfold, data_split_stratify=True, data_split_shuffle=True, transform_target_method=box-cox, transform_target=False, fix_imbalance_method=None, fix_imbalance=False, interaction_threshold=0.01, feature_ratio=False, feature_interaction=False, feature_selection_method=classic, feature_selection_threshold=0.8, feature_selection=False, group_names=None, group_features=None, polynomial_threshold=0.1, trigonometry_features=False, polynomial_degree=2, polynomial_features=False, cluster_iter=20, create_clusters=False, remove_perfect_collinearity=True, multicollinearity_threshold=0.9, remove_multicollinearity=False, outliers_threshold=0.05, remove_outliers=True, bin_numeric_features=None, rare_level_threshold=0.1, combine_rare_levels=False, ignore_low_variance=False, pca_components=None, pca_method=linear, pca=False, unknown_categorical_method=least_frequent, handle_unknown_categorical=True, transformation_method=yeo-johnson, transformation=False, normalize_method=zscore, normalize=False, ignore_features=None, date_features=None, numeric_iterative_imputer=lightgbm, numeric_imputation=mean, numeric_features=None, high_cardinality_method=frequency, high_cardinality_features=None, ordinal_features=None, categorical_iterative_imputer=lightgbm, categorical_imputation=constant, categorical_features=None, iterative_imputation_iters=5, imputation_type=simple, preprocess=True, test_data=None, train_size=0.7, available_plots={'parameter': 'Hyperparameters', 'auc': 'AUC', 'confusion_matrix': 'Confusion Matrix', 'threshold': 'Threshold', 'pr': 'Precision Recall', 'error': 'Prediction Error', 'class_report': 'Class Report', 'rfe': 'Feature Selection', 'learning': 'Learning Curve', 'manifold': 'Manifold Learning', 'calibration': 'Calibration Curve', 'vc': 'Validation Curve', 'dimension': 'Dimensions', 'feature': 'Feature Importance', 'feature_all': 'Feature Importance (All)', 'boundary': 'Decision Boundary', 'lift': 'Lift Chart', 'gain': 'Gain Chart', 'tree': 'Decision Tree', 'ks': 'KS Statistic Plot'}, ml_usecase=classification, target=Primary energy consumption per capita (kWh/person))
2024-09-22 21:58:55,133:INFO:Checking environment
2024-09-22 21:58:55,133:INFO:python_version: 3.6.13
2024-09-22 21:58:55,133:INFO:python_build: ('default', 'Feb 23 2021 12:58:59')
2024-09-22 21:58:55,133:INFO:machine: x86_64
2024-09-22 21:58:55,133:INFO:platform: Darwin-23.0.0-x86_64-i386-64bit
2024-09-22 21:58:55,134:WARNING:cannot find psutil installation. memory not traceable. Install psutil using pip to enable memory logging.
2024-09-22 21:58:55,134:INFO:Checking libraries
2024-09-22 21:58:55,134:INFO:pd==1.1.5
2024-09-22 21:58:55,134:INFO:numpy==1.19.2
2024-09-22 21:58:55,134:INFO:sklearn==0.23.2
2024-09-22 21:58:55,134:INFO:lightgbm==3.2.1
2024-09-22 21:58:55,134:WARNING:catboost not found
2024-09-22 21:58:55,134:INFO:xgboost==1.3.3
2024-09-22 21:58:55,135:INFO:mlflow==1.23.1
2024-09-22 21:58:55,135:INFO:Checking Exceptions
2024-09-22 21:58:55,135:INFO:Declaring global variables
2024-09-22 21:58:55,136:INFO:USI: 9bfb
2024-09-22 21:58:55,136:INFO:pycaret_globals: {'html_param', 'fold_shuffle_param', 'create_model_container', 'fix_imbalance_method_param', '_gpu_n_jobs_param', '_all_metrics', 'fold_generator', 'pycaret_globals', 'data_before_preprocess', 'USI', 'X_test', 'master_model_container', '_ml_usecase', 'X_train', 'transform_target_param', 'seed', 'fix_imbalance_param', 'experiment__', 'fold_groups_param', 'stratify_param', 'target_param', 'display_container', 'imputation_regressor', 'y_train', '_all_models_internal', 'imputation_classifier', '_available_plots', 'y', 'gpu_param', 'transform_target_method_param', 'log_plots_param', 'fold_groups_param_full', 'prep_pipe', 'logging_param', 'exp_name_log', 'dashboard_logger', 'n_jobs_param', 'fold_param', 'iterative_imputation_iters_param', '_internal_pipeline', 'X', '_all_models', 'y_test'}
2024-09-22 21:58:55,136:INFO:Preparing display monitor
2024-09-22 21:58:55,136:INFO:Preparing display monitor
2024-09-22 21:58:55,148:INFO:Importing libraries
2024-09-22 21:58:55,148:INFO:Copying data for preprocessing
2024-09-22 21:58:55,154:INFO:Declaring preprocessing parameters
2024-09-22 21:58:55,157:INFO:Creating preprocessing pipeline
2024-09-22 22:01:03,714:INFO:PyCaret Supervised Module
2024-09-22 22:01:03,714:INFO:ML Usecase: classification
2024-09-22 22:01:03,714:INFO:version 2.3.10
2024-09-22 22:01:03,714:INFO:Initializing setup()
2024-09-22 22:01:03,714:INFO:setup(display=None, profile_kwargs=None, profile=False, verbose=True, silent=True, log_data=False, log_profile=False, log_plots=False, experiment_custom_tags=None, experiment_name=None, log_experiment=False, session_id=100, html=True, custom_pipeline=None, use_gpu=False, n_jobs=-1, fold_groups=None, fold_shuffle=False, fold=10, fold_strategy=stratifiedkfold, data_split_stratify=True, data_split_shuffle=True, transform_target_method=box-cox, transform_target=False, fix_imbalance_method=None, fix_imbalance=False, interaction_threshold=0.01, feature_ratio=False, feature_interaction=False, feature_selection_method=classic, feature_selection_threshold=0.8, feature_selection=False, group_names=None, group_features=None, polynomial_threshold=0.1, trigonometry_features=False, polynomial_degree=2, polynomial_features=False, cluster_iter=20, create_clusters=False, remove_perfect_collinearity=True, multicollinearity_threshold=0.9, remove_multicollinearity=False, outliers_threshold=0.05, remove_outliers=True, bin_numeric_features=None, rare_level_threshold=0.1, combine_rare_levels=False, ignore_low_variance=False, pca_components=None, pca_method=linear, pca=False, unknown_categorical_method=least_frequent, handle_unknown_categorical=True, transformation_method=yeo-johnson, transformation=False, normalize_method=zscore, normalize=False, ignore_features=None, date_features=None, numeric_iterative_imputer=lightgbm, numeric_imputation=mean, numeric_features=None, high_cardinality_method=frequency, high_cardinality_features=None, ordinal_features=None, categorical_iterative_imputer=lightgbm, categorical_imputation=constant, categorical_features=None, iterative_imputation_iters=5, imputation_type=simple, preprocess=True, test_data=None, train_size=0.7, available_plots={'parameter': 'Hyperparameters', 'auc': 'AUC', 'confusion_matrix': 'Confusion Matrix', 'threshold': 'Threshold', 'pr': 'Precision Recall', 'error': 'Prediction Error', 'class_report': 'Class Report', 'rfe': 'Feature Selection', 'learning': 'Learning Curve', 'manifold': 'Manifold Learning', 'calibration': 'Calibration Curve', 'vc': 'Validation Curve', 'dimension': 'Dimensions', 'feature': 'Feature Importance', 'feature_all': 'Feature Importance (All)', 'boundary': 'Decision Boundary', 'lift': 'Lift Chart', 'gain': 'Gain Chart', 'tree': 'Decision Tree', 'ks': 'KS Statistic Plot'}, ml_usecase=classification, target=Primary energy consumption per capita (kWh/person))
2024-09-22 22:01:03,714:INFO:Checking environment
2024-09-22 22:01:03,714:INFO:python_version: 3.6.13
2024-09-22 22:01:03,714:INFO:python_build: ('default', 'Feb 23 2021 12:58:59')
2024-09-22 22:01:03,714:INFO:machine: x86_64
2024-09-22 22:01:03,715:INFO:platform: Darwin-23.0.0-x86_64-i386-64bit
2024-09-22 22:01:03,715:WARNING:cannot find psutil installation. memory not traceable. Install psutil using pip to enable memory logging.
2024-09-22 22:01:03,715:INFO:Checking libraries
2024-09-22 22:01:03,715:INFO:pd==1.1.5
2024-09-22 22:01:03,715:INFO:numpy==1.19.2
2024-09-22 22:01:03,715:INFO:sklearn==0.23.2
2024-09-22 22:01:03,715:INFO:lightgbm==3.2.1
2024-09-22 22:01:03,715:WARNING:catboost not found
2024-09-22 22:01:03,715:INFO:xgboost==1.3.3
2024-09-22 22:01:03,715:INFO:mlflow==1.23.1
2024-09-22 22:01:03,715:INFO:Checking Exceptions
2024-09-22 22:01:03,715:INFO:Declaring global variables
2024-09-22 22:01:03,715:INFO:USI: 5908
2024-09-22 22:01:03,716:INFO:pycaret_globals: {'html_param', 'fold_shuffle_param', 'create_model_container', 'fix_imbalance_method_param', '_gpu_n_jobs_param', '_all_metrics', 'fold_generator', 'pycaret_globals', 'data_before_preprocess', 'USI', 'X_test', 'master_model_container', '_ml_usecase', 'X_train', 'transform_target_param', 'seed', 'fix_imbalance_param', 'experiment__', 'fold_groups_param', 'stratify_param', 'target_param', 'display_container', 'imputation_regressor', 'y_train', '_all_models_internal', 'imputation_classifier', '_available_plots', 'y', 'gpu_param', 'transform_target_method_param', 'log_plots_param', 'fold_groups_param_full', 'prep_pipe', 'logging_param', 'exp_name_log', 'dashboard_logger', 'n_jobs_param', 'fold_param', 'iterative_imputation_iters_param', '_internal_pipeline', 'X', '_all_models', 'y_test'}
2024-09-22 22:01:03,716:INFO:Preparing display monitor
2024-09-22 22:01:03,716:INFO:Preparing display monitor
2024-09-22 22:01:03,730:INFO:Importing libraries
2024-09-22 22:01:03,730:INFO:Copying data for preprocessing
2024-09-22 22:01:03,736:INFO:Declaring preprocessing parameters
2024-09-22 22:01:03,737:INFO:Creating preprocessing pipeline
2024-09-22 22:01:03,742:INFO:Preprocessing pipeline created successfully
2024-09-22 22:01:03,742:ERROR:(Process Exit): setup has been interupted with user command 'quit'. setup must rerun.
2024-09-22 22:01:03,743:INFO:Creating global containers
2024-09-22 22:01:03,743:INFO:Internal pipeline: Pipeline(memory=None, steps=[('empty_step', 'passthrough')], verbose=False)
2024-09-22 22:01:47,279:INFO:PyCaret Supervised Module
2024-09-22 22:01:47,279:INFO:ML Usecase: regression
2024-09-22 22:01:47,279:INFO:version 2.3.10
2024-09-22 22:01:47,279:INFO:Initializing setup()
2024-09-22 22:01:47,279:INFO:setup(display=None, profile_kwargs=None, profile=False, verbose=True, silent=True, log_data=False, log_profile=False, log_plots=False, experiment_custom_tags=None, experiment_name=None, log_experiment=False, session_id=100, html=True, custom_pipeline=None, use_gpu=False, n_jobs=-1, fold_groups=None, fold_shuffle=False, fold=10, fold_strategy=kfold, data_split_stratify=True, data_split_shuffle=True, transform_target_method=box-cox, transform_target=False, fix_imbalance_method=None, fix_imbalance=False, interaction_threshold=0.01, feature_ratio=False, feature_interaction=False, feature_selection_method=classic, feature_selection_threshold=0.8, feature_selection=False, group_names=None, group_features=None, polynomial_threshold=0.1, trigonometry_features=False, polynomial_degree=2, polynomial_features=False, cluster_iter=20, create_clusters=False, remove_perfect_collinearity=True, multicollinearity_threshold=0.9, remove_multicollinearity=False, outliers_threshold=0.05, remove_outliers=True, bin_numeric_features=None, rare_level_threshold=0.1, combine_rare_levels=False, ignore_low_variance=False, pca_components=None, pca_method=linear, pca=False, unknown_categorical_method=least_frequent, handle_unknown_categorical=True, transformation_method=yeo-johnson, transformation=False, normalize_method=zscore, normalize=False, ignore_features=None, date_features=None, numeric_iterative_imputer=lightgbm, numeric_imputation=mean, numeric_features=None, high_cardinality_method=frequency, high_cardinality_features=None, ordinal_features=None, categorical_iterative_imputer=lightgbm, categorical_imputation=constant, categorical_features=None, iterative_imputation_iters=5, imputation_type=simple, preprocess=True, test_data=None, train_size=0.7, available_plots={'parameter': 'Hyperparameters', 'residuals': 'Residuals', 'error': 'Prediction Error', 'cooks': 'Cooks Distance', 'rfe': 'Feature Selection', 'learning': 'Learning Curve', 'manifold': 'Manifold Learning', 'vc': 'Validation Curve', 'feature': 'Feature Importance', 'feature_all': 'Feature Importance (All)', 'tree': 'Decision Tree', 'residuals_interactive': 'Interactive Residuals'}, ml_usecase=regression, target=Primary energy consumption per capita (kWh/person))
2024-09-22 22:01:47,279:INFO:Checking environment
2024-09-22 22:01:47,279:INFO:python_version: 3.6.13
2024-09-22 22:01:47,280:INFO:python_build: ('default', 'Feb 23 2021 12:58:59')
2024-09-22 22:01:47,280:INFO:machine: x86_64
2024-09-22 22:01:47,280:INFO:platform: Darwin-23.0.0-x86_64-i386-64bit
2024-09-22 22:01:47,280:WARNING:cannot find psutil installation. memory not traceable. Install psutil using pip to enable memory logging.
2024-09-22 22:01:47,280:INFO:Checking libraries
2024-09-22 22:01:47,280:INFO:pd==1.1.5
2024-09-22 22:01:47,280:INFO:numpy==1.19.2
2024-09-22 22:01:47,280:INFO:sklearn==0.23.2
2024-09-22 22:01:47,281:INFO:lightgbm==3.2.1
2024-09-22 22:01:47,281:WARNING:catboost not found
2024-09-22 22:01:47,281:INFO:xgboost==1.3.3
2024-09-22 22:01:47,281:INFO:mlflow==1.23.1
2024-09-22 22:01:47,281:INFO:Checking Exceptions
2024-09-22 22:01:47,281:INFO:Declaring global variables
2024-09-22 22:01:47,281:INFO:USI: c263
2024-09-22 22:01:47,281:INFO:pycaret_globals: {'html_param', 'fold_shuffle_param', 'create_model_container', 'fix_imbalance_method_param', '_gpu_n_jobs_param', '_all_metrics', 'fold_generator', 'pycaret_globals', 'data_before_preprocess', 'USI', 'X_test', 'master_model_container', '_ml_usecase', 'X_train', 'transform_target_param', 'seed', 'fix_imbalance_param', 'experiment__', 'fold_groups_param', 'stratify_param', 'target_param', 'display_container', 'imputation_regressor', 'y_train', '_all_models_internal', 'imputation_classifier', '_available_plots', 'y', 'gpu_param', 'transform_target_method_param', 'log_plots_param', 'fold_groups_param_full', 'prep_pipe', 'logging_param', 'exp_name_log', 'dashboard_logger', 'n_jobs_param', 'fold_param', 'iterative_imputation_iters_param', '_internal_pipeline', 'X', '_all_models', 'y_test'}
2024-09-22 22:01:47,281:INFO:Preparing display monitor
2024-09-22 22:01:47,281:INFO:Preparing display monitor
2024-09-22 22:01:47,293:INFO:Importing libraries
2024-09-22 22:01:47,293:INFO:Copying data for preprocessing
2024-09-22 22:01:47,299:INFO:Declaring preprocessing parameters
2024-09-22 22:01:47,300:INFO:Creating preprocessing pipeline
2024-09-22 22:01:47,306:INFO:Preprocessing pipeline created successfully
2024-09-22 22:01:47,306:ERROR:(Process Exit): setup has been interupted with user command 'quit'. setup must rerun.
2024-09-22 22:01:47,306:INFO:Creating global containers
2024-09-22 22:01:47,307:INFO:Internal pipeline: Pipeline(memory=None, steps=[('empty_step', 'passthrough')], verbose=False)
2024-09-22 22:02:10,582:INFO:PyCaret Supervised Module
2024-09-22 22:02:10,582:INFO:ML Usecase: regression
2024-09-22 22:02:10,582:INFO:version 2.3.10
2024-09-22 22:02:10,582:INFO:Initializing setup()
2024-09-22 22:02:10,582:INFO:setup(display=None, profile_kwargs=None, profile=False, verbose=True, silent=True, log_data=False, log_profile=False, log_plots=False, experiment_custom_tags=None, experiment_name=None, log_experiment=False, session_id=100, html=True, custom_pipeline=None, use_gpu=False, n_jobs=-1, fold_groups=None, fold_shuffle=False, fold=10, fold_strategy=kfold, data_split_stratify=True, data_split_shuffle=True, transform_target_method=box-cox, transform_target=False, fix_imbalance_method=None, fix_imbalance=False, interaction_threshold=0.01, feature_ratio=False, feature_interaction=False, feature_selection_method=classic, feature_selection_threshold=0.8, feature_selection=False, group_names=None, group_features=None, polynomial_threshold=0.1, trigonometry_features=False, polynomial_degree=2, polynomial_features=False, cluster_iter=20, create_clusters=False, remove_perfect_collinearity=True, multicollinearity_threshold=0.9, remove_multicollinearity=False, outliers_threshold=0.05, remove_outliers=True, bin_numeric_features=None, rare_level_threshold=0.1, combine_rare_levels=False, ignore_low_variance=False, pca_components=None, pca_method=linear, pca=False, unknown_categorical_method=least_frequent, handle_unknown_categorical=True, transformation_method=yeo-johnson, transformation=False, normalize_method=zscore, normalize=False, ignore_features=None, date_features=None, numeric_iterative_imputer=lightgbm, numeric_imputation=mean, numeric_features=None, high_cardinality_method=frequency, high_cardinality_features=None, ordinal_features=None, categorical_iterative_imputer=lightgbm, categorical_imputation=constant, categorical_features=None, iterative_imputation_iters=5, imputation_type=simple, preprocess=True, test_data=None, train_size=0.7, available_plots={'parameter': 'Hyperparameters', 'residuals': 'Residuals', 'error': 'Prediction Error', 'cooks': 'Cooks Distance', 'rfe': 'Feature Selection', 'learning': 'Learning Curve', 'manifold': 'Manifold Learning', 'vc': 'Validation Curve', 'feature': 'Feature Importance', 'feature_all': 'Feature Importance (All)', 'tree': 'Decision Tree', 'residuals_interactive': 'Interactive Residuals'}, ml_usecase=regression, target=Primary energy consumption per capita (kWh/person))
2024-09-22 22:02:10,582:INFO:Checking environment
2024-09-22 22:02:10,582:INFO:python_version: 3.6.13
2024-09-22 22:02:10,582:INFO:python_build: ('default', 'Feb 23 2021 12:58:59')
2024-09-22 22:02:10,582:INFO:machine: x86_64
2024-09-22 22:02:10,582:INFO:platform: Darwin-23.0.0-x86_64-i386-64bit
2024-09-22 22:02:10,583:WARNING:cannot find psutil installation. memory not traceable. Install psutil using pip to enable memory logging.
2024-09-22 22:02:10,583:INFO:Checking libraries
2024-09-22 22:02:10,583:INFO:pd==1.1.5
2024-09-22 22:02:10,583:INFO:numpy==1.19.2
2024-09-22 22:02:10,583:INFO:sklearn==0.23.2
2024-09-22 22:02:10,583:INFO:lightgbm==3.2.1
2024-09-22 22:02:10,584:WARNING:catboost not found
2024-09-22 22:02:10,584:INFO:xgboost==1.3.3
2024-09-22 22:02:10,584:INFO:mlflow==1.23.1
2024-09-22 22:02:10,584:INFO:Checking Exceptions
2024-09-22 22:02:10,584:INFO:Declaring global variables
2024-09-22 22:02:10,584:INFO:USI: d8af
2024-09-22 22:02:10,584:INFO:pycaret_globals: {'html_param', 'fold_shuffle_param', 'create_model_container', 'fix_imbalance_method_param', '_gpu_n_jobs_param', '_all_metrics', 'fold_generator', 'pycaret_globals', 'data_before_preprocess', 'USI', 'X_test', 'master_model_container', '_ml_usecase', 'X_train', 'transform_target_param', 'seed', 'fix_imbalance_param', 'experiment__', 'fold_groups_param', 'stratify_param', 'target_param', 'display_container', 'imputation_regressor', 'y_train', '_all_models_internal', 'imputation_classifier', '_available_plots', 'y', 'gpu_param', 'transform_target_method_param', 'log_plots_param', 'fold_groups_param_full', 'prep_pipe', 'logging_param', 'exp_name_log', 'dashboard_logger', 'n_jobs_param', 'fold_param', 'iterative_imputation_iters_param', '_internal_pipeline', 'X', '_all_models', 'y_test'}
2024-09-22 22:02:10,584:INFO:Preparing display monitor
2024-09-22 22:02:10,584:INFO:Preparing display monitor
2024-09-22 22:02:10,597:INFO:Importing libraries
2024-09-22 22:02:10,597:INFO:Copying data for preprocessing
2024-09-22 22:02:10,603:INFO:Declaring preprocessing parameters
2024-09-22 22:02:10,604:INFO:Creating preprocessing pipeline
2024-09-22 22:02:10,608:INFO:Preprocessing pipeline created successfully
2024-09-22 22:02:10,608:ERROR:(Process Exit): setup has been interupted with user command 'quit'. setup must rerun.
2024-09-22 22:02:10,608:INFO:Creating global containers
2024-09-22 22:02:10,609:INFO:Internal pipeline: Pipeline(memory=None, steps=[('empty_step', 'passthrough')], verbose=False)
2024-09-22 22:02:40,909:INFO:PyCaret Supervised Module
2024-09-22 22:02:40,909:INFO:ML Usecase: regression
2024-09-22 22:02:40,909:INFO:version 2.3.10
2024-09-22 22:02:40,909:INFO:Initializing setup()
2024-09-22 22:02:40,909:INFO:setup(display=None, profile_kwargs=None, profile=False, verbose=True, silent=False, log_data=False, log_profile=False, log_plots=False, experiment_custom_tags=None, experiment_name=None, log_experiment=False, session_id=100, html=True, custom_pipeline=None, use_gpu=False, n_jobs=-1, fold_groups=None, fold_shuffle=False, fold=10, fold_strategy=kfold, data_split_stratify=False, data_split_shuffle=True, transform_target_method=box-cox, transform_target=False, fix_imbalance_method=None, fix_imbalance=False, interaction_threshold=0.01, feature_ratio=False, feature_interaction=False, feature_selection_method=classic, feature_selection_threshold=0.8, feature_selection=False, group_names=None, group_features=None, polynomial_threshold=0.1, trigonometry_features=False, polynomial_degree=2, polynomial_features=False, cluster_iter=20, create_clusters=False, remove_perfect_collinearity=True, multicollinearity_threshold=0.9, remove_multicollinearity=False, outliers_threshold=0.05, remove_outliers=False, bin_numeric_features=None, rare_level_threshold=0.1, combine_rare_levels=False, ignore_low_variance=False, pca_components=None, pca_method=linear, pca=False, unknown_categorical_method=least_frequent, handle_unknown_categorical=True, transformation_method=yeo-johnson, transformation=False, normalize_method=zscore, normalize=False, ignore_features=None, date_features=None, numeric_iterative_imputer=lightgbm, numeric_imputation=mean, numeric_features=None, high_cardinality_method=frequency, high_cardinality_features=None, ordinal_features=None, categorical_iterative_imputer=lightgbm, categorical_imputation=constant, categorical_features=None, iterative_imputation_iters=5, imputation_type=simple, preprocess=True, test_data=None, train_size=0.7, available_plots={'parameter': 'Hyperparameters', 'residuals': 'Residuals', 'error': 'Prediction Error', 'cooks': 'Cooks Distance', 'rfe': 'Feature Selection', 'learning': 'Learning Curve', 'manifold': 'Manifold Learning', 'vc': 'Validation Curve', 'feature': 'Feature Importance', 'feature_all': 'Feature Importance (All)', 'tree': 'Decision Tree', 'residuals_interactive': 'Interactive Residuals'}, ml_usecase=regression, target=Primary energy consumption per capita (kWh/person))
2024-09-22 22:02:40,909:INFO:Checking environment
2024-09-22 22:02:40,909:INFO:python_version: 3.6.13
2024-09-22 22:02:40,909:INFO:python_build: ('default', 'Feb 23 2021 12:58:59')
2024-09-22 22:02:40,909:INFO:machine: x86_64
2024-09-22 22:02:40,910:INFO:platform: Darwin-23.0.0-x86_64-i386-64bit
2024-09-22 22:02:40,910:WARNING:cannot find psutil installation. memory not traceable. Install psutil using pip to enable memory logging.
2024-09-22 22:02:40,910:INFO:Checking libraries
2024-09-22 22:02:40,910:INFO:pd==1.1.5
2024-09-22 22:02:40,910:INFO:numpy==1.19.2
2024-09-22 22:02:40,910:INFO:sklearn==0.23.2
2024-09-22 22:02:40,911:INFO:lightgbm==3.2.1
2024-09-22 22:02:40,911:WARNING:catboost not found
2024-09-22 22:02:40,911:INFO:xgboost==1.3.3
2024-09-22 22:02:40,911:INFO:mlflow==1.23.1
2024-09-22 22:02:40,912:INFO:Checking Exceptions
2024-09-22 22:02:40,912:INFO:Declaring global variables
2024-09-22 22:02:40,912:INFO:USI: 26a1
2024-09-22 22:02:40,912:INFO:pycaret_globals: {'html_param', 'fold_shuffle_param', 'create_model_container', 'fix_imbalance_method_param', '_gpu_n_jobs_param', '_all_metrics', 'fold_generator', 'pycaret_globals', 'data_before_preprocess', 'USI', 'X_test', 'master_model_container', '_ml_usecase', 'X_train', 'transform_target_param', 'seed', 'fix_imbalance_param', 'experiment__', 'fold_groups_param', 'stratify_param', 'target_param', 'display_container', 'imputation_regressor', 'y_train', '_all_models_internal', 'imputation_classifier', '_available_plots', 'y', 'gpu_param', 'transform_target_method_param', 'log_plots_param', 'fold_groups_param_full', 'prep_pipe', 'logging_param', 'exp_name_log', 'dashboard_logger', 'n_jobs_param', 'fold_param', 'iterative_imputation_iters_param', '_internal_pipeline', 'X', '_all_models', 'y_test'}
2024-09-22 22:02:40,912:INFO:Preparing display monitor
2024-09-22 22:02:40,912:INFO:Preparing display monitor
2024-09-22 22:02:40,923:INFO:Importing libraries
2024-09-22 22:02:40,923:INFO:Copying data for preprocessing
2024-09-22 22:02:40,928:INFO:Declaring preprocessing parameters
2024-09-22 22:02:40,930:INFO:Creating preprocessing pipeline
2024-09-22 22:02:40,934:INFO:Preprocessing pipeline created successfully
2024-09-22 22:02:40,934:ERROR:(Process Exit): setup has been interupted with user command 'quit'. setup must rerun.
2024-09-22 22:02:40,934:INFO:Creating global containers
2024-09-22 22:02:40,935:INFO:Internal pipeline: Pipeline(memory=None, steps=[('empty_step', 'passthrough')], verbose=False)
2024-09-24 17:27:48,048:INFO:PyCaret Supervised Module
2024-09-24 17:27:48,049:INFO:ML Usecase: regression
2024-09-24 17:27:48,049:INFO:version 2.3.10
2024-09-24 17:27:48,049:INFO:Initializing setup()
2024-09-24 17:27:48,049:INFO:setup(display=None, profile_kwargs=None, profile=False, verbose=True, silent=False, log_data=False, log_profile=False, log_plots=False, experiment_custom_tags=None, experiment_name=None, log_experiment=False, session_id=123, html=True, custom_pipeline=None, use_gpu=False, n_jobs=-1, fold_groups=None, fold_shuffle=False, fold=10, fold_strategy=kfold, data_split_stratify=False, data_split_shuffle=True, transform_target_method=box-cox, transform_target=False, fix_imbalance_method=None, fix_imbalance=False, interaction_threshold=0.01, feature_ratio=False, feature_interaction=False, feature_selection_method=classic, feature_selection_threshold=0.8, feature_selection=False, group_names=None, group_features=None, polynomial_threshold=0.1, trigonometry_features=False, polynomial_degree=2, polynomial_features=False, cluster_iter=20, create_clusters=False, remove_perfect_collinearity=True, multicollinearity_threshold=0.9, remove_multicollinearity=False, outliers_threshold=0.05, remove_outliers=False, bin_numeric_features=None, rare_level_threshold=0.1, combine_rare_levels=False, ignore_low_variance=False, pca_components=None, pca_method=linear, pca=False, unknown_categorical_method=least_frequent, handle_unknown_categorical=True, transformation_method=yeo-johnson, transformation=False, normalize_method=zscore, normalize=False, ignore_features=None, date_features=None, numeric_iterative_imputer=lightgbm, numeric_imputation=mean, numeric_features=None, high_cardinality_method=frequency, high_cardinality_features=None, ordinal_features=None, categorical_iterative_imputer=lightgbm, categorical_imputation=constant, categorical_features=None, iterative_imputation_iters=5, imputation_type=simple, preprocess=True, test_data=None, train_size=0.7, available_plots={'parameter': 'Hyperparameters', 'residuals': 'Residuals', 'error': 'Prediction Error', 'cooks': 'Cooks Distance', 'rfe': 'Feature Selection', 'learning': 'Learning Curve', 'manifold': 'Manifold Learning', 'vc': 'Validation Curve', 'feature': 'Feature Importance', 'feature_all': 'Feature Importance (All)', 'tree': 'Decision Tree', 'residuals_interactive': 'Interactive Residuals'}, ml_usecase=regression, target=Primary energy consumption per capita (kWh/person))
2024-09-24 17:27:48,049:INFO:Checking environment
2024-09-24 17:27:48,049:INFO:python_version: 3.6.13
2024-09-24 17:27:48,049:INFO:python_build: ('default', 'Feb 23 2021 12:58:59')
2024-09-24 17:27:48,049:INFO:machine: x86_64
2024-09-24 17:27:48,090:INFO:platform: Darwin-23.0.0-x86_64-i386-64bit
2024-09-24 17:27:48,091:WARNING:cannot find psutil installation. memory not traceable. Install psutil using pip to enable memory logging.
2024-09-24 17:27:48,091:INFO:Checking libraries
2024-09-24 17:27:48,091:INFO:pd==1.1.5
2024-09-24 17:27:48,091:INFO:numpy==1.19.2
2024-09-24 17:27:48,091:INFO:sklearn==0.23.2
2024-09-24 17:27:48,091:INFO:lightgbm==3.2.1
2024-09-24 17:27:48,091:WARNING:catboost not found
2024-09-24 17:27:48,195:INFO:xgboost==1.3.3
2024-09-24 17:27:48,195:INFO:mlflow==1.23.1
2024-09-24 17:27:48,195:INFO:Checking Exceptions
2024-09-24 17:27:48,195:INFO:Declaring global variables
2024-09-24 17:27:48,195:INFO:USI: 1a9b
2024-09-24 17:27:48,195:INFO:pycaret_globals: {'master_model_container', 'prep_pipe', 'exp_name_log', 'gpu_param', 'y', 'dashboard_logger', 'logging_param', 'transform_target_method_param', 'fix_imbalance_param', 'USI', 'stratify_param', 'y_test', 'log_plots_param', 'transform_target_param', 'fold_generator', 'fold_groups_param_full', '_all_models', 'pycaret_globals', 'imputation_classifier', 'X_test', 'imputation_regressor', '_gpu_n_jobs_param', 'html_param', 'y_train', '_internal_pipeline', '_all_metrics', 'fix_imbalance_method_param', 'display_container', '_all_models_internal', 'seed', 'experiment__', 'X', 'data_before_preprocess', 'fold_shuffle_param', 'fold_param', 'iterative_imputation_iters_param', 'create_model_container', 'X_train', 'n_jobs_param', '_ml_usecase', '_available_plots', 'target_param', 'fold_groups_param'}
2024-09-24 17:27:48,195:INFO:Preparing display monitor
2024-09-24 17:27:48,195:INFO:Preparing display monitor
2024-09-24 17:27:48,211:INFO:Importing libraries
2024-09-24 17:27:48,211:INFO:Copying data for preprocessing
2024-09-24 17:27:48,217:INFO:Declaring preprocessing parameters
2024-09-24 17:27:48,219:INFO:Creating preprocessing pipeline
2024-09-24 17:27:48,236:INFO:Preprocessing pipeline created successfully
2024-09-24 17:27:48,236:ERROR:(Process Exit): setup has been interupted with user command 'quit'. setup must rerun.
2024-09-24 17:27:48,236:INFO:Creating global containers
2024-09-24 17:27:48,237:INFO:Internal pipeline: Pipeline(memory=None, steps=[('empty_step', 'passthrough')], verbose=False)
2024-09-24 17:28:00,505:WARNING:Couldn't import catboost.CatBoostRegressor
2024-09-24 17:28:00,599:WARNING:Couldn't import catboost.CatBoostRegressor
2024-09-24 17:28:00,600:INFO:Creating grid variables
2024-09-24 17:28:00,643:INFO:create_model_container: 0
2024-09-24 17:28:00,643:INFO:master_model_container: 0
2024-09-24 17:28:00,643:INFO:display_container: 1
2024-09-24 17:28:00,647:INFO:Pipeline(memory=None,
         steps=[('dtypes',
                 DataTypes_Auto_infer(categorical_features=[],
                                      display_types=True, features_todrop=[],
                                      id_columns=['Unnamed: 0'],
                                      ml_usecase='regression',
                                      numerical_features=[],
                                      target='Primary energy consumption per '
                                             'capita (kWh/person)',
                                      time_features=[])),
                ('imputer',
                 Simple_Imputer(categorical_strategy='not_available',
                                fill_value_categori...
                ('binn', 'passthrough'), ('rem_outliers', 'passthrough'),
                ('cluster_all', 'passthrough'),
                ('dummy',
                 Dummify(target='Primary energy consumption per capita '
                                '(kWh/person)')),
                ('fix_perfect',
                 Remove_100(target='Primary energy consumption per capita '
                                   '(kWh/person)')),
                ('clean_names', Clean_Colum_Names()),
                ('feature_select', 'passthrough'), ('fix_multi', 'passthrough'),
                ('dfs', 'passthrough'), ('pca', 'passthrough')],
         verbose=False)
2024-09-24 17:28:00,647:INFO:setup() succesfully completed......................................
2024-09-24 17:32:51,874:INFO:PyCaret Supervised Module
2024-09-24 17:32:51,875:INFO:ML Usecase: regression
2024-09-24 17:32:51,876:INFO:version 2.3.10
2024-09-24 17:32:51,876:INFO:Initializing setup()
2024-09-24 17:32:51,876:INFO:setup(display=None, profile_kwargs=None, profile=False, verbose=True, silent=False, log_data=False, log_profile=False, log_plots=False, experiment_custom_tags=None, experiment_name=None, log_experiment=False, session_id=123, html=True, custom_pipeline=None, use_gpu=False, n_jobs=-1, fold_groups=None, fold_shuffle=False, fold=10, fold_strategy=kfold, data_split_stratify=False, data_split_shuffle=True, transform_target_method=box-cox, transform_target=False, fix_imbalance_method=None, fix_imbalance=False, interaction_threshold=0.01, feature_ratio=False, feature_interaction=False, feature_selection_method=classic, feature_selection_threshold=0.8, feature_selection=False, group_names=None, group_features=None, polynomial_threshold=0.1, trigonometry_features=False, polynomial_degree=2, polynomial_features=False, cluster_iter=20, create_clusters=False, remove_perfect_collinearity=True, multicollinearity_threshold=0.9, remove_multicollinearity=False, outliers_threshold=0.05, remove_outliers=True, bin_numeric_features=None, rare_level_threshold=0.1, combine_rare_levels=False, ignore_low_variance=False, pca_components=None, pca_method=linear, pca=False, unknown_categorical_method=least_frequent, handle_unknown_categorical=True, transformation_method=yeo-johnson, transformation=False, normalize_method=zscore, normalize=False, ignore_features=None, date_features=None, numeric_iterative_imputer=lightgbm, numeric_imputation=mean, numeric_features=None, high_cardinality_method=frequency, high_cardinality_features=None, ordinal_features=None, categorical_iterative_imputer=lightgbm, categorical_imputation=constant, categorical_features=None, iterative_imputation_iters=5, imputation_type=mean, preprocess=True, test_data=None, train_size=0.7, available_plots={'parameter': 'Hyperparameters', 'residuals': 'Residuals', 'error': 'Prediction Error', 'cooks': 'Cooks Distance', 'rfe': 'Feature Selection', 'learning': 'Learning Curve', 'manifold': 'Manifold Learning', 'vc': 'Validation Curve', 'feature': 'Feature Importance', 'feature_all': 'Feature Importance (All)', 'tree': 'Decision Tree', 'residuals_interactive': 'Interactive Residuals'}, ml_usecase=regression, target=Primary energy consumption per capita (kWh/person))
2024-09-24 17:32:51,876:INFO:Checking environment
2024-09-24 17:32:51,876:INFO:python_version: 3.6.13
2024-09-24 17:32:51,876:INFO:python_build: ('default', 'Feb 23 2021 12:58:59')
2024-09-24 17:32:51,876:INFO:machine: x86_64
2024-09-24 17:32:51,876:INFO:platform: Darwin-23.0.0-x86_64-i386-64bit
2024-09-24 17:32:51,877:WARNING:cannot find psutil installation. memory not traceable. Install psutil using pip to enable memory logging.
2024-09-24 17:32:51,877:INFO:Checking libraries
2024-09-24 17:32:51,877:INFO:pd==1.1.5
2024-09-24 17:32:51,877:INFO:numpy==1.19.2
2024-09-24 17:32:51,877:INFO:sklearn==0.23.2
2024-09-24 17:32:51,877:INFO:lightgbm==3.2.1
2024-09-24 17:32:51,877:WARNING:catboost not found
2024-09-24 17:32:51,878:INFO:xgboost==1.3.3
2024-09-24 17:32:51,878:INFO:mlflow==1.23.1
2024-09-24 17:32:51,878:INFO:Checking Exceptions
2024-09-24 17:33:17,557:INFO:PyCaret Supervised Module
2024-09-24 17:33:17,558:INFO:ML Usecase: regression
2024-09-24 17:33:17,558:INFO:version 2.3.10
2024-09-24 17:33:17,558:INFO:Initializing setup()
2024-09-24 17:33:17,558:INFO:setup(display=None, profile_kwargs=None, profile=False, verbose=True, silent=False, log_data=False, log_profile=False, log_plots=False, experiment_custom_tags=None, experiment_name=None, log_experiment=False, session_id=123, html=True, custom_pipeline=None, use_gpu=False, n_jobs=-1, fold_groups=None, fold_shuffle=False, fold=10, fold_strategy=kfold, data_split_stratify=False, data_split_shuffle=True, transform_target_method=box-cox, transform_target=False, fix_imbalance_method=None, fix_imbalance=False, interaction_threshold=0.01, feature_ratio=False, feature_interaction=False, feature_selection_method=classic, feature_selection_threshold=0.8, feature_selection=False, group_names=None, group_features=None, polynomial_threshold=0.1, trigonometry_features=False, polynomial_degree=2, polynomial_features=False, cluster_iter=20, create_clusters=False, remove_perfect_collinearity=True, multicollinearity_threshold=0.9, remove_multicollinearity=False, outliers_threshold=0.05, remove_outliers=True, bin_numeric_features=None, rare_level_threshold=0.1, combine_rare_levels=False, ignore_low_variance=False, pca_components=None, pca_method=linear, pca=False, unknown_categorical_method=least_frequent, handle_unknown_categorical=True, transformation_method=yeo-johnson, transformation=False, normalize_method=zscore, normalize=False, ignore_features=None, date_features=None, numeric_iterative_imputer=lightgbm, numeric_imputation=mean, numeric_features=None, high_cardinality_method=frequency, high_cardinality_features=None, ordinal_features=None, categorical_iterative_imputer=lightgbm, categorical_imputation=constant, categorical_features=None, iterative_imputation_iters=5, imputation_type=simple, preprocess=True, test_data=None, train_size=0.7, available_plots={'parameter': 'Hyperparameters', 'residuals': 'Residuals', 'error': 'Prediction Error', 'cooks': 'Cooks Distance', 'rfe': 'Feature Selection', 'learning': 'Learning Curve', 'manifold': 'Manifold Learning', 'vc': 'Validation Curve', 'feature': 'Feature Importance', 'feature_all': 'Feature Importance (All)', 'tree': 'Decision Tree', 'residuals_interactive': 'Interactive Residuals'}, ml_usecase=regression, target=Primary energy consumption per capita (kWh/person))
2024-09-24 17:33:17,559:INFO:Checking environment
2024-09-24 17:33:17,559:INFO:python_version: 3.6.13
2024-09-24 17:33:17,559:INFO:python_build: ('default', 'Feb 23 2021 12:58:59')
2024-09-24 17:33:17,559:INFO:machine: x86_64
2024-09-24 17:33:17,559:INFO:platform: Darwin-23.0.0-x86_64-i386-64bit
2024-09-24 17:33:17,559:WARNING:cannot find psutil installation. memory not traceable. Install psutil using pip to enable memory logging.
2024-09-24 17:33:17,559:INFO:Checking libraries
2024-09-24 17:33:17,559:INFO:pd==1.1.5
2024-09-24 17:33:17,559:INFO:numpy==1.19.2
2024-09-24 17:33:17,559:INFO:sklearn==0.23.2
2024-09-24 17:33:17,560:INFO:lightgbm==3.2.1
2024-09-24 17:33:17,560:WARNING:catboost not found
2024-09-24 17:33:17,560:INFO:xgboost==1.3.3
2024-09-24 17:33:17,560:INFO:mlflow==1.23.1
2024-09-24 17:33:17,560:INFO:Checking Exceptions
2024-09-24 17:33:17,560:INFO:Declaring global variables
2024-09-24 17:33:17,560:INFO:USI: 46f8
2024-09-24 17:33:17,560:INFO:pycaret_globals: {'master_model_container', 'prep_pipe', 'exp_name_log', 'gpu_param', 'y', 'dashboard_logger', 'logging_param', 'transform_target_method_param', 'fix_imbalance_param', 'USI', 'stratify_param', 'y_test', 'log_plots_param', 'transform_target_param', 'fold_generator', 'fold_groups_param_full', '_all_models', 'pycaret_globals', 'imputation_classifier', 'X_test', 'imputation_regressor', '_gpu_n_jobs_param', 'html_param', 'y_train', '_internal_pipeline', '_all_metrics', 'fix_imbalance_method_param', 'display_container', '_all_models_internal', 'seed', 'experiment__', 'X', 'data_before_preprocess', 'fold_shuffle_param', 'fold_param', 'iterative_imputation_iters_param', 'create_model_container', 'X_train', 'n_jobs_param', '_ml_usecase', '_available_plots', 'target_param', 'fold_groups_param'}
2024-09-24 17:33:17,560:INFO:Preparing display monitor
2024-09-24 17:33:17,561:INFO:Preparing display monitor
2024-09-24 17:33:17,580:INFO:Importing libraries
2024-09-24 17:33:17,580:INFO:Copying data for preprocessing
2024-09-24 17:33:17,588:INFO:Declaring preprocessing parameters
2024-09-24 17:33:17,591:INFO:Creating preprocessing pipeline
2024-09-24 17:33:17,657:INFO:Preprocessing pipeline created successfully
2024-09-24 17:33:17,657:ERROR:(Process Exit): setup has been interupted with user command 'quit'. setup must rerun.
2024-09-24 17:33:17,657:INFO:Creating global containers
2024-09-24 17:33:17,658:INFO:Internal pipeline: Pipeline(memory=None, steps=[('empty_step', 'passthrough')], verbose=False)
2024-09-24 17:33:33,933:WARNING:Couldn't import catboost.CatBoostRegressor
2024-09-24 17:33:34,028:WARNING:Couldn't import catboost.CatBoostRegressor
2024-09-24 17:33:34,028:INFO:Creating grid variables
2024-09-24 17:33:34,039:INFO:create_model_container: 0
2024-09-24 17:33:34,039:INFO:master_model_container: 0
2024-09-24 17:33:34,039:INFO:display_container: 1
2024-09-24 17:33:34,042:INFO:Pipeline(memory=None,
         steps=[('dtypes',
                 DataTypes_Auto_infer(categorical_features=[],
                                      display_types=True, features_todrop=[],
                                      id_columns=['Unnamed: 0'],
                                      ml_usecase='regression',
                                      numerical_features=[],
                                      target='Primary energy consumption per '
                                             'capita (kWh/person)',
                                      time_features=[])),
                ('imputer',
                 Simple_Imputer(categorical_strategy='not_available',
                                fill_value_categori...
                                '(kWh/person)')),
                ('cluster_all', 'passthrough'),
                ('dummy',
                 Dummify(target='Primary energy consumption per capita '
                                '(kWh/person)')),
                ('fix_perfect',
                 Remove_100(target='Primary energy consumption per capita '
                                   '(kWh/person)')),
                ('clean_names', Clean_Colum_Names()),
                ('feature_select', 'passthrough'), ('fix_multi', 'passthrough'),
                ('dfs', 'passthrough'), ('pca', 'passthrough')],
         verbose=False)
2024-09-24 17:33:34,042:INFO:setup() succesfully completed......................................
